Determining if the pthread_create exist failed with the following output:
Change Dir: /home/atv-remote/ps4/build/CMakeFiles/CMakeTmp

Run Build Command:"/usr/bin/make" "cmTC_220ea/fast"
/usr/bin/make -f CMakeFiles/cmTC_220ea.dir/build.make CMakeFiles/cmTC_220ea.dir/build
make[1]: Entering directory '/home/atv-remote/ps4/build/CMakeFiles/CMakeTmp'
Building C object CMakeFiles/cmTC_220ea.dir/CheckSymbolExists.c.o
/usr/bin/cc    -o CMakeFiles/cmTC_220ea.dir/CheckSymbolExists.c.o   -c /home/atv-remote/ps4/build/CMakeFiles/CMakeTmp/CheckSymbolExists.c
Linking C executable cmTC_220ea
/usr/bin/cmake -E cmake_link_script CMakeFiles/cmTC_220ea.dir/link.txt --verbose=1
/usr/bin/cc      -rdynamic CMakeFiles/cmTC_220ea.dir/CheckSymbolExists.c.o  -o cmTC_220ea 
CMakeFiles/cmTC_220ea.dir/CheckSymbolExists.c.o: In function `main':
CheckSymbolExists.c:(.text+0x2c): undefined reference to `pthread_create'
collect2: error: ld returned 1 exit status
CMakeFiles/cmTC_220ea.dir/build.make:97: recipe for target 'cmTC_220ea' failed
make[1]: *** [cmTC_220ea] Error 1
make[1]: Leaving directory '/home/atv-remote/ps4/build/CMakeFiles/CMakeTmp'
Makefile:126: recipe for target 'cmTC_220ea/fast' failed
make: *** [cmTC_220ea/fast] Error 2

File /home/atv-remote/ps4/build/CMakeFiles/CMakeTmp/CheckSymbolExists.c:
/* */
#include <pthread.h>

int main(int argc, char** argv)
{
  (void)argv;
#ifndef pthread_create
  return ((int*)(&pthread_create))[argc];
#else
  (void)argc;
  return 0;
#endif
}

Determining if the function pthread_create exists in the pthreads failed with the following output:
Change Dir: /home/atv-remote/ps4/build/CMakeFiles/CMakeTmp

Run Build Command:"/usr/bin/make" "cmTC_e52cf/fast"
/usr/bin/make -f CMakeFiles/cmTC_e52cf.dir/build.make CMakeFiles/cmTC_e52cf.dir/build
make[1]: Entering directory '/home/atv-remote/ps4/build/CMakeFiles/CMakeTmp'
Building C object CMakeFiles/cmTC_e52cf.dir/CheckFunctionExists.c.o
/usr/bin/cc   -DCHECK_FUNCTION_EXISTS=pthread_create   -o CMakeFiles/cmTC_e52cf.dir/CheckFunctionExists.c.o   -c /usr/share/cmake-3.10/Modules/CheckFunctionExists.c
Linking C executable cmTC_e52cf
/usr/bin/cmake -E cmake_link_script CMakeFiles/cmTC_e52cf.dir/link.txt --verbose=1
/usr/bin/cc  -DCHECK_FUNCTION_EXISTS=pthread_create    -rdynamic CMakeFiles/cmTC_e52cf.dir/CheckFunctionExists.c.o  -o cmTC_e52cf -lpthreads 
/usr/bin/ld: cannot find -lpthreads
collect2: error: ld returned 1 exit status
CMakeFiles/cmTC_e52cf.dir/build.make:97: recipe for target 'cmTC_e52cf' failed
make[1]: *** [cmTC_e52cf] Error 1
make[1]: Leaving directory '/home/atv-remote/ps4/build/CMakeFiles/CMakeTmp'
Makefile:126: recipe for target 'cmTC_e52cf/fast' failed
make: *** [cmTC_e52cf/fast] Error 2


