Determining if the pthread_create exist failed with the following output:
Change Dir: /home/atv-remote/remote/build/CMakeFiles/CMakeTmp

Run Build Command:"/usr/bin/make" "cmTC_c7fa4/fast"
/usr/bin/make -f CMakeFiles/cmTC_c7fa4.dir/build.make CMakeFiles/cmTC_c7fa4.dir/build
make[1]: Entering directory '/home/atv-remote/remote/build/CMakeFiles/CMakeTmp'
Building C object CMakeFiles/cmTC_c7fa4.dir/CheckSymbolExists.c.o
/usr/bin/cc    -o CMakeFiles/cmTC_c7fa4.dir/CheckSymbolExists.c.o   -c /home/atv-remote/remote/build/CMakeFiles/CMakeTmp/CheckSymbolExists.c
Linking C executable cmTC_c7fa4
/usr/bin/cmake -E cmake_link_script CMakeFiles/cmTC_c7fa4.dir/link.txt --verbose=1
/usr/bin/cc      -rdynamic CMakeFiles/cmTC_c7fa4.dir/CheckSymbolExists.c.o  -o cmTC_c7fa4 
CMakeFiles/cmTC_c7fa4.dir/CheckSymbolExists.c.o: In function `main':
CheckSymbolExists.c:(.text+0x2c): undefined reference to `pthread_create'
collect2: error: ld returned 1 exit status
CMakeFiles/cmTC_c7fa4.dir/build.make:97: recipe for target 'cmTC_c7fa4' failed
make[1]: *** [cmTC_c7fa4] Error 1
make[1]: Leaving directory '/home/atv-remote/remote/build/CMakeFiles/CMakeTmp'
Makefile:126: recipe for target 'cmTC_c7fa4/fast' failed
make: *** [cmTC_c7fa4/fast] Error 2

File /home/atv-remote/remote/build/CMakeFiles/CMakeTmp/CheckSymbolExists.c:
/* */
#include <pthread.h>

int main(int argc, char** argv)
{
  (void)argv;
#ifndef pthread_create
  return ((int*)(&pthread_create))[argc];
#else
  (void)argc;
  return 0;
#endif
}

Determining if the function pthread_create exists in the pthreads failed with the following output:
Change Dir: /home/atv-remote/remote/build/CMakeFiles/CMakeTmp

Run Build Command:"/usr/bin/make" "cmTC_d28f7/fast"
/usr/bin/make -f CMakeFiles/cmTC_d28f7.dir/build.make CMakeFiles/cmTC_d28f7.dir/build
make[1]: Entering directory '/home/atv-remote/remote/build/CMakeFiles/CMakeTmp'
Building C object CMakeFiles/cmTC_d28f7.dir/CheckFunctionExists.c.o
/usr/bin/cc   -DCHECK_FUNCTION_EXISTS=pthread_create   -o CMakeFiles/cmTC_d28f7.dir/CheckFunctionExists.c.o   -c /usr/share/cmake-3.10/Modules/CheckFunctionExists.c
Linking C executable cmTC_d28f7
/usr/bin/cmake -E cmake_link_script CMakeFiles/cmTC_d28f7.dir/link.txt --verbose=1
/usr/bin/cc  -DCHECK_FUNCTION_EXISTS=pthread_create    -rdynamic CMakeFiles/cmTC_d28f7.dir/CheckFunctionExists.c.o  -o cmTC_d28f7 -lpthreads 
/usr/bin/ld: cannot find -lpthreads
collect2: error: ld returned 1 exit status
CMakeFiles/cmTC_d28f7.dir/build.make:97: recipe for target 'cmTC_d28f7' failed
make[1]: *** [cmTC_d28f7] Error 1
make[1]: Leaving directory '/home/atv-remote/remote/build/CMakeFiles/CMakeTmp'
Makefile:126: recipe for target 'cmTC_d28f7/fast' failed
make: *** [cmTC_d28f7/fast] Error 2


