Determining if the pthread_create exist failed with the following output:
Change Dir: /home/atv-remote/wireless_remote/build/CMakeFiles/CMakeTmp

Run Build Command:"/usr/bin/make" "cmTC_1f230/fast"
/usr/bin/make -f CMakeFiles/cmTC_1f230.dir/build.make CMakeFiles/cmTC_1f230.dir/build
make[1]: Entering directory '/home/atv-remote/wireless_remote/build/CMakeFiles/CMakeTmp'
Building C object CMakeFiles/cmTC_1f230.dir/CheckSymbolExists.c.o
/usr/bin/cc    -o CMakeFiles/cmTC_1f230.dir/CheckSymbolExists.c.o   -c /home/atv-remote/wireless_remote/build/CMakeFiles/CMakeTmp/CheckSymbolExists.c
Linking C executable cmTC_1f230
/usr/bin/cmake -E cmake_link_script CMakeFiles/cmTC_1f230.dir/link.txt --verbose=1
/usr/bin/cc      -rdynamic CMakeFiles/cmTC_1f230.dir/CheckSymbolExists.c.o  -o cmTC_1f230 
CMakeFiles/cmTC_1f230.dir/CheckSymbolExists.c.o: In function `main':
CheckSymbolExists.c:(.text+0x2c): undefined reference to `pthread_create'
collect2: error: ld returned 1 exit status
CMakeFiles/cmTC_1f230.dir/build.make:97: recipe for target 'cmTC_1f230' failed
make[1]: *** [cmTC_1f230] Error 1
make[1]: Leaving directory '/home/atv-remote/wireless_remote/build/CMakeFiles/CMakeTmp'
Makefile:126: recipe for target 'cmTC_1f230/fast' failed
make: *** [cmTC_1f230/fast] Error 2

File /home/atv-remote/wireless_remote/build/CMakeFiles/CMakeTmp/CheckSymbolExists.c:
/* */
#include <pthread.h>

int main(int argc, char** argv)
{
  (void)argv;
#ifndef pthread_create
  return ((int*)(&pthread_create))[argc];
#else
  (void)argc;
  return 0;
#endif
}

Determining if the function pthread_create exists in the pthreads failed with the following output:
Change Dir: /home/atv-remote/wireless_remote/build/CMakeFiles/CMakeTmp

Run Build Command:"/usr/bin/make" "cmTC_e822e/fast"
/usr/bin/make -f CMakeFiles/cmTC_e822e.dir/build.make CMakeFiles/cmTC_e822e.dir/build
make[1]: Entering directory '/home/atv-remote/wireless_remote/build/CMakeFiles/CMakeTmp'
Building C object CMakeFiles/cmTC_e822e.dir/CheckFunctionExists.c.o
/usr/bin/cc   -DCHECK_FUNCTION_EXISTS=pthread_create   -o CMakeFiles/cmTC_e822e.dir/CheckFunctionExists.c.o   -c /usr/share/cmake-3.10/Modules/CheckFunctionExists.c
Linking C executable cmTC_e822e
/usr/bin/cmake -E cmake_link_script CMakeFiles/cmTC_e822e.dir/link.txt --verbose=1
/usr/bin/cc  -DCHECK_FUNCTION_EXISTS=pthread_create    -rdynamic CMakeFiles/cmTC_e822e.dir/CheckFunctionExists.c.o  -o cmTC_e822e -lpthreads 
/usr/bin/ld: cannot find -lpthreads
collect2: error: ld returned 1 exit status
CMakeFiles/cmTC_e822e.dir/build.make:97: recipe for target 'cmTC_e822e' failed
make[1]: *** [cmTC_e822e] Error 1
make[1]: Leaving directory '/home/atv-remote/wireless_remote/build/CMakeFiles/CMakeTmp'
Makefile:126: recipe for target 'cmTC_e822e/fast' failed
make: *** [cmTC_e822e/fast] Error 2


